============================= test session starts ==============================
platform linux -- Python 3.12.3, pytest-9.0.2, pluggy-1.6.0 -- /media/chris/Samsung-T7/SkyModderAI/SkyModderAI/venv/bin/python
cachedir: .pytest_cache
rootdir: /media/chris/Samsung-T7/SkyModderAI/SkyModderAI
configfile: pyproject.toml
plugins: cov-7.0.0, anyio-4.12.1
collecting ... collected 79 items

tests/test_conflict_detector.py::TestParseModListText::test_plugins_txt_enabled PASSED [  1%]
tests/test_conflict_detector.py::TestParseModListText::test_plugins_txt_disabled PASSED [  2%]
tests/test_conflict_detector.py::TestParseModListText::test_mo2_format PASSED [  3%]
tests/test_conflict_detector.py::TestParseModListText::test_comments_skipped PASSED [  5%]
tests/test_conflict_detector.py::TestParseModListText::test_empty_lines_skipped PASSED [  6%]
tests/test_conflict_detector.py::TestParseModListText::test_path_extraction PASSED [  7%]
tests/test_conflict_detector.py::TestParseModListText::test_vortex_plain_all_enabled PASSED [  8%]
tests/test_conflict_detector.py::TestConflictDetector::test_unknown_mod_info PASSED [ 10%]
tests/test_conflict_detector.py::TestConflictDetector::test_missing_requirement PASSED [ 11%]
tests/test_dev_loop_api.py::test_dev_loop_requires_paid_access PASSED    [ 12%]
tests/test_dev_loop_api.py::test_dev_loop_returns_idle_conclusion_when_healthy PASSED [ 13%]
tests/test_information_surfaces.py::test_information_map_has_core_sections PASSED [ 15%]
tests/test_information_surfaces.py::test_ai_feed_links_discovery_surfaces PASSED [ 16%]
tests/test_information_surfaces.py::test_robots_lists_sitemap PASSED     [ 17%]
tests/test_information_surfaces.py::test_sitemap_and_public_hubs_render PASSED [ 18%]
tests/test_list_builder_options.py::test_skyrim_has_character_preferences PASSED [ 20%]
tests/test_list_builder_options.py::test_fallout4_hides_character_preferences PASSED [ 21%]
tests/test_list_builder_options.py::test_starfield_environment_is_scifi_focused PASSED [ 22%]
tests/test_list_builder_options.py::test_oblivion_and_fallout3_options_exist PASSED [ 24%]
tests/test_list_builder_options.py::test_no_skyrim_fallback_terms_for_other_games PASSED [ 25%]
tests/test_modding_scenarios.py::TestRealWorldLoadOrders::test_load_254_plugin_order PASSED [ 26%]
tests/test_modding_scenarios.py::TestRealWorldLoadOrders::test_analysis_performance_500_mods PASSED [ 27%]
tests/test_modding_scenarios.py::TestRealWorldLoadOrders::test_esl_flagged_mods PASSED [ 29%]
tests/test_modding_scenarios.py::TestEdgeCases::test_unicode_mod_names PASSED [ 30%]
tests/test_modding_scenarios.py::TestEdgeCases::test_special_characters_in_names PASSED [ 31%]
tests/test_modding_scenarios.py::TestEdgeCases::test_very_long_mod_names PASSED [ 32%]
tests/test_modding_scenarios.py::TestEdgeCases::test_empty_and_whitespace PASSED [ 34%]
tests/test_modding_scenarios.py::TestEdgeCases::test_disabled_mods PASSED [ 35%]
tests/test_modding_scenarios.py::TestEdgeCases::test_mo2_format PASSED   [ 36%]
tests/test_modding_scenarios.py::TestEdgeCases::test_vortex_format PASSED [ 37%]
tests/test_modding_scenarios.py::TestEdgeCases::test_full_path_extraction PASSED [ 39%]
tests/test_modding_scenarios.py::TestGameCompatibility::test_parser_initializes_for_all_games[skyrim] PASSED [ 40%]
tests/test_modding_scenarios.py::TestGameCompatibility::test_parser_initializes_for_all_games[skyrimse] PASSED [ 41%]
tests/test_modding_scenarios.py::TestGameCompatibility::test_parser_initializes_for_all_games[skyrimvr] PASSED [ 43%]
tests/test_modding_scenarios.py::TestGameCompatibility::test_parser_initializes_for_all_games[oblivion] PASSED [ 44%]
tests/test_modding_scenarios.py::TestGameCompatibility::test_parser_initializes_for_all_games[fallout3] PASSED [ 45%]
tests/test_modding_scenarios.py::TestGameCompatibility::test_parser_initializes_for_all_games[falloutnv] PASSED [ 46%]
tests/test_modding_scenarios.py::TestGameCompatibility::test_parser_initializes_for_all_games[fallout4] PASSED [ 48%]
tests/test_modding_scenarios.py::TestGameCompatibility::test_parser_initializes_for_all_games[starfield] PASSED [ 49%]
tests/test_modding_scenarios.py::TestGameCompatibility::test_game_master_exists[skyrim-Skyrim.esm] PASSED [ 50%]
tests/test_modding_scenarios.py::TestGameCompatibility::test_game_master_exists[skyrimse-Skyrim.esm] PASSED [ 51%]
tests/test_modding_scenarios.py::TestGameCompatibility::test_game_master_exists[skyrimvr-Skyrim.esm] PASSED [ 53%]
tests/test_modding_scenarios.py::TestGameCompatibility::test_game_master_exists[oblivion-Oblivion.esm] PASSED [ 54%]
tests/test_modding_scenarios.py::TestGameCompatibility::test_game_master_exists[fallout3-Fallout3.esm] PASSED [ 55%]
tests/test_modding_scenarios.py::TestGameCompatibility::test_game_master_exists[falloutnv-FalloutNV.esm] PASSED [ 56%]
tests/test_modding_scenarios.py::TestGameCompatibility::test_game_master_exists[fallout4-Fallout4.esm] PASSED [ 58%]
tests/test_modding_scenarios.py::TestGameCompatibility::test_game_master_exists[starfield-Starfield.esm] PASSED [ 59%]
tests/test_modding_scenarios.py::TestGameCompatibility::test_skyrim_le_vs_se_distinction PASSED [ 60%]
tests/test_modding_scenarios.py::TestConflictDetection::test_missing_master_detection PASSED [ 62%]
tests/test_modding_scenarios.py::TestConflictDetection::test_cyclic_dependency_detection PASSED [ 63%]
tests/test_modding_scenarios.py::TestConflictDetection::test_dirty_edit_detection PASSED [ 64%]
tests/test_modding_scenarios.py::TestConflictDetection::test_incompatibility_detection PASSED [ 65%]
tests/test_modding_scenarios.py::TestPluginLimit::test_near_plugin_limit_warning PASSED [ 67%]
tests/test_modding_scenarios.py::TestPluginLimit::test_esl_does_not_count_toward_limit PASSED [ 68%]
tests/test_modding_scenarios.py::TestLoadOrderSorting::test_masters_before_plugins PASSED [ 69%]
tests/test_modding_scenarios.py::TestLoadOrderSorting::test_light_plugins_after_regular PASSED [ 70%]
tests/test_modlist_normalize_api.py::test_modlist_normalize_requires_input PASSED [ 72%]
tests/test_modlist_normalize_api.py::test_modlist_normalize_returns_summary_and_text PASSED [ 73%]
tests/test_openclaw_engine.py::test_plan_includes_launch_when_permission_granted PASSED [ 74%]
tests/test_openclaw_engine.py::test_plan_omits_launch_without_permission PASSED [ 75%]
tests/test_openclaw_engine.py::test_feedback_suggestions_for_low_fps_and_crashes PASSED [ 77%]
tests/test_openclaw_safety.py::test_guard_rejects_system_path_segment PASSED [ 78%]
tests/test_openclaw_safety.py::test_guard_rejects_shell_like_tokens PASSED [ 79%]
tests/test_openclaw_safety.py::test_openclaw_safety_status_endpoint_shape PASSED [ 81%]
tests/test_openclaw_safety.py::test_openclaw_capabilities_blocks_bios PASSED [ 82%]
tests/test_openclaw_safety.py::test_openclaw_install_manifest_has_permission_contract PASSED [ 83%]
tests/test_profile_dashboard_api.py::test_profile_dashboard_requires_auth PASSED [ 84%]
tests/test_profile_dashboard_api.py::test_profile_dashboard_returns_payload_when_logged_in PASSED [ 86%]
tests/test_pruning.py::TestPruneInputContext::test_errors_and_warnings_always_kept PASSED [ 87%]
tests/test_pruning.py::TestPruneInputContext::test_info_capped_at_12 PASSED [ 88%]
tests/test_pruning.py::TestPruneInputContext::test_short_context_unchanged PASSED [ 89%]
tests/test_pruning.py::TestPruneInputContext::test_preamble_preserved PASSED [ 91%]
tests/test_pruning.py::TestPruneOutputForFixGuide::test_short_reply_unchanged PASSED [ 92%]
tests/test_pruning.py::TestPruneOutputForFixGuide::test_long_bullet_list_trimmed PASSED [ 93%]
tests/test_pruning.py::TestPruneGameFolderContext::test_tree_truncated_when_long PASSED [ 94%]
tests/test_pruning.py::TestPruneGameFolderContext::test_key_files_truncated_per_file PASSED [ 96%]
tests/test_quickstart_config.py::test_quickstart_unknown_game_falls_back PASSED [ 97%]
tests/test_quickstart_config.py::test_quickstart_payload_contains_internal_links_and_noob_journey PASSED [ 98%]
tests/test_quickstart_config.py::test_internal_links_use_site_paths PASSED [100%]

=============================== warnings summary ===============================
tests/test_information_surfaces.py::test_ai_feed_links_discovery_surfaces
  /media/chris/Samsung-T7/SkyModderAI/SkyModderAI/app.py:6600: DeprecationWarning: datetime.datetime.utcnow() is deprecated and scheduled for removal in a future version. Use timezone-aware objects to represent datetimes in UTC: datetime.datetime.now(datetime.UTC).
    "updated_at": datetime.utcnow().isoformat() + "Z",

tests/test_modlist_normalize_api.py::test_modlist_normalize_requires_input
tests/test_profile_dashboard_api.py::test_profile_dashboard_requires_auth
  /media/chris/Samsung-T7/SkyModderAI/SkyModderAI/app.py:263: DeprecationWarning: datetime.datetime.utcnow() is deprecated and scheduled for removal in a future version. Use timezone-aware objects to represent datetimes in UTC: datetime.datetime.now(datetime.UTC).
    "timestamp": datetime.utcnow().isoformat(),

tests/test_profile_dashboard_api.py::test_profile_dashboard_returns_payload_when_logged_in
tests/test_profile_dashboard_api.py::test_profile_dashboard_returns_payload_when_logged_in
  /media/chris/Samsung-T7/SkyModderAI/SkyModderAI/app.py:1451: DeprecationWarning: datetime.datetime.utcnow() is deprecated and scheduled for removal in a future version. Use timezone-aware objects to represent datetimes in UTC: datetime.datetime.now(datetime.UTC).
    return int((datetime.utcnow() - datetime(1970, 1, 1)).total_seconds())

-- Docs: https://docs.pytest.org/en/stable/how-to/capture-warnings.html
======================== 79 passed, 5 warnings in 1.75s ========================
